<?xml version="1.0" encoding="UTF-8"?>
<!-- Generated by org.testng.reporters.JUnitReportReporter -->
<testsuite hostname="MAC14847" name="testCases.EstimateSizeCost_TC" tests="6" failures="0" timestamp="1 Aug 2016 02:28:03 GMT" time="935.644" errors="0">
  <testcase name="verifyHeaders" time="101.932" classname="testCases.EstimateSizeCost_TC"/>
  <testcase name="verifyHeaders" time="110.703" classname="testCases.EstimateSizeCost_TC"/>
  <testcase name="verifyHeaders" time="412.207" classname="testCases.EstimateSizeCost_TC"/>
  <testcase name="verifyHeaders" time="101.578" classname="testCases.EstimateSizeCost_TC"/>
  <testcase name="verifyHeaders" time="101.470" classname="testCases.EstimateSizeCost_TC"/>
  <testcase name="verifyHeaders" time="107.754" classname="testCases.EstimateSizeCost_TC"/>
</testsuite> <!-- testCases.EstimateSizeCost_TC -->
