<?xml version="1.0" encoding="UTF-8"?>
<!-- Generated by org.testng.reporters.JUnitReportReporter -->
<testsuite hostname="MAC14847" name="testCases.EstimateSizeCost_TC" tests="3" failures="0" timestamp="28 Jul 2016 23:59:54 GMT" time="373.431" errors="0">
  <testcase name="verifyHeaders" time="114.130" classname="testCases.EstimateSizeCost_TC"/>
  <testcase name="verifyHeaders" time="140.201" classname="testCases.EstimateSizeCost_TC"/>
  <testcase name="verifyHeaders" time="119.100" classname="testCases.EstimateSizeCost_TC"/>
</testsuite> <!-- testCases.EstimateSizeCost_TC -->
